e:\the card game - client side\the card game - server side\debug\vc143.pdb
e:\the card game - client side\the card game - server side\debug\vc143.idb
e:\the card game - client side\the card game - server side\debug\renderwindow.obj
e:\the card game - client side\the card game - server side\debug\entity.obj
e:\the card game - client side\the card game - server side\debug\client.obj
e:\the card game - server side\the card game - server side\debug\the card game - server side.ilk
e:\the card game - server side\debug\the card game - server side.exe
e:\the card game - server side\debug\the card game - server side.pdb
e:\the card game - client side\debug\the card game - client side.exe
e:\the card game - client side\the card game - server side\debug\the card game - client side.ilk
e:\the card game - client side\debug\the card game - client side.pdb
e:\the card game - client side\the card game - server side\debug\math.obj
e:\the card game - client side\the card game - server side\debug\rpsclient.obj
e:\the card game - client side\the card game - server side\debug\source.obj
e:\the card game - client side\the card game - server side\debug\the card game - server side.ilk
e:\the card game - client side\the card game - server side\debug\the card.66b0192d.tlog\cl.command.1.tlog
e:\the card game - client side\the card game - server side\debug\the card.66b0192d.tlog\cl.read.1.tlog
e:\the card game - client side\the card game - server side\debug\the card.66b0192d.tlog\cl.write.1.tlog
e:\the card game - client side\the card game - server side\debug\the card.66b0192d.tlog\link.command.1.tlog
e:\the card game - client side\the card game - server side\debug\the card.66b0192d.tlog\link.read.1.tlog
e:\the card game - client side\the card game - server side\debug\the card.66b0192d.tlog\link.write.1.tlog
